C:\USERS\SAM\DOCUMENTS\VISUAL STUDIO 2012\PROJECTS\THERMO\THERMO\DEBUG\MAIN.OBJ
C:\USERS\SAM\DOCUMENTS\VISUAL STUDIO 2012\PROJECTS\THERMO\THERMO\DEBUG\VC110.PDB
C:\USERS\SAM\DOCUMENTS\VISUAL STUDIO 2012\PROJECTS\THERMO\DEBUG\THERMO.ILK
C:\USERS\SAM\DOCUMENTS\VISUAL STUDIO 2012\PROJECTS\THERMO\DEBUG\THERMO.EXE
C:\USERS\SAM\DOCUMENTS\VISUAL STUDIO 2012\PROJECTS\THERMO\DEBUG\THERMO.PDB
C:\Users\Sam\Documents\Visual Studio 2012\Projects\thermo\thermo\Debug\cl.command.1.tlog
C:\Users\Sam\Documents\Visual Studio 2012\Projects\thermo\thermo\Debug\CL.read.1.tlog
C:\Users\Sam\Documents\Visual Studio 2012\Projects\thermo\thermo\Debug\CL.write.1.tlog
C:\Users\Sam\Documents\Visual Studio 2012\Projects\thermo\thermo\Debug\link-cvtres.read.1.tlog
C:\Users\Sam\Documents\Visual Studio 2012\Projects\thermo\thermo\Debug\link-cvtres.write.1.tlog
C:\Users\Sam\Documents\Visual Studio 2012\Projects\thermo\thermo\Debug\link-rc.read.1.tlog
C:\Users\Sam\Documents\Visual Studio 2012\Projects\thermo\thermo\Debug\link-rc.write.1.tlog
C:\Users\Sam\Documents\Visual Studio 2012\Projects\thermo\thermo\Debug\link.10188-cvtres.read.1.tlog
C:\Users\Sam\Documents\Visual Studio 2012\Projects\thermo\thermo\Debug\link.10188-cvtres.write.1.tlog
C:\Users\Sam\Documents\Visual Studio 2012\Projects\thermo\thermo\Debug\link.10188-rc.read.1.tlog
C:\Users\Sam\Documents\Visual Studio 2012\Projects\thermo\thermo\Debug\link.10188-rc.write.1.tlog
C:\Users\Sam\Documents\Visual Studio 2012\Projects\thermo\thermo\Debug\link.10188.read.1.tlog
C:\Users\Sam\Documents\Visual Studio 2012\Projects\thermo\thermo\Debug\link.10188.write.1.tlog
C:\Users\Sam\Documents\Visual Studio 2012\Projects\thermo\thermo\Debug\link.1484-cvtres.read.1.tlog
C:\Users\Sam\Documents\Visual Studio 2012\Projects\thermo\thermo\Debug\link.1484-cvtres.write.1.tlog
C:\Users\Sam\Documents\Visual Studio 2012\Projects\thermo\thermo\Debug\link.1484-rc.read.1.tlog
C:\Users\Sam\Documents\Visual Studio 2012\Projects\thermo\thermo\Debug\link.1484-rc.write.1.tlog
C:\Users\Sam\Documents\Visual Studio 2012\Projects\thermo\thermo\Debug\link.1484.read.1.tlog
C:\Users\Sam\Documents\Visual Studio 2012\Projects\thermo\thermo\Debug\link.1484.write.1.tlog
C:\Users\Sam\Documents\Visual Studio 2012\Projects\thermo\thermo\Debug\link.1492-cvtres.read.1.tlog
C:\Users\Sam\Documents\Visual Studio 2012\Projects\thermo\thermo\Debug\link.1492-cvtres.write.1.tlog
C:\Users\Sam\Documents\Visual Studio 2012\Projects\thermo\thermo\Debug\link.1492-rc.read.1.tlog
C:\Users\Sam\Documents\Visual Studio 2012\Projects\thermo\thermo\Debug\link.1492-rc.write.1.tlog
C:\Users\Sam\Documents\Visual Studio 2012\Projects\thermo\thermo\Debug\link.1492.read.1.tlog
C:\Users\Sam\Documents\Visual Studio 2012\Projects\thermo\thermo\Debug\link.1492.write.1.tlog
C:\Users\Sam\Documents\Visual Studio 2012\Projects\thermo\thermo\Debug\link.3224-cvtres.read.1.tlog
C:\Users\Sam\Documents\Visual Studio 2012\Projects\thermo\thermo\Debug\link.3224-cvtres.write.1.tlog
C:\Users\Sam\Documents\Visual Studio 2012\Projects\thermo\thermo\Debug\link.3224-rc.read.1.tlog
C:\Users\Sam\Documents\Visual Studio 2012\Projects\thermo\thermo\Debug\link.3224-rc.write.1.tlog
C:\Users\Sam\Documents\Visual Studio 2012\Projects\thermo\thermo\Debug\link.3224.read.1.tlog
C:\Users\Sam\Documents\Visual Studio 2012\Projects\thermo\thermo\Debug\link.3224.write.1.tlog
C:\Users\Sam\Documents\Visual Studio 2012\Projects\thermo\thermo\Debug\link.4144-cvtres.read.1.tlog
C:\Users\Sam\Documents\Visual Studio 2012\Projects\thermo\thermo\Debug\link.4144-cvtres.write.1.tlog
C:\Users\Sam\Documents\Visual Studio 2012\Projects\thermo\thermo\Debug\link.4144-rc.read.1.tlog
C:\Users\Sam\Documents\Visual Studio 2012\Projects\thermo\thermo\Debug\link.4144-rc.write.1.tlog
C:\Users\Sam\Documents\Visual Studio 2012\Projects\thermo\thermo\Debug\link.4144.read.1.tlog
C:\Users\Sam\Documents\Visual Studio 2012\Projects\thermo\thermo\Debug\link.4144.write.1.tlog
C:\Users\Sam\Documents\Visual Studio 2012\Projects\thermo\thermo\Debug\link.5204-cvtres.read.1.tlog
C:\Users\Sam\Documents\Visual Studio 2012\Projects\thermo\thermo\Debug\link.5204-cvtres.write.1.tlog
C:\Users\Sam\Documents\Visual Studio 2012\Projects\thermo\thermo\Debug\link.5204-rc.read.1.tlog
C:\Users\Sam\Documents\Visual Studio 2012\Projects\thermo\thermo\Debug\link.5204-rc.write.1.tlog
C:\Users\Sam\Documents\Visual Studio 2012\Projects\thermo\thermo\Debug\link.5204.read.1.tlog
C:\Users\Sam\Documents\Visual Studio 2012\Projects\thermo\thermo\Debug\link.5204.write.1.tlog
C:\Users\Sam\Documents\Visual Studio 2012\Projects\thermo\thermo\Debug\link.7544-cvtres.read.1.tlog
C:\Users\Sam\Documents\Visual Studio 2012\Projects\thermo\thermo\Debug\link.7544-cvtres.write.1.tlog
C:\Users\Sam\Documents\Visual Studio 2012\Projects\thermo\thermo\Debug\link.7544-rc.read.1.tlog
C:\Users\Sam\Documents\Visual Studio 2012\Projects\thermo\thermo\Debug\link.7544-rc.write.1.tlog
C:\Users\Sam\Documents\Visual Studio 2012\Projects\thermo\thermo\Debug\link.7544.read.1.tlog
C:\Users\Sam\Documents\Visual Studio 2012\Projects\thermo\thermo\Debug\link.7544.write.1.tlog
C:\Users\Sam\Documents\Visual Studio 2012\Projects\thermo\thermo\Debug\link.7952-cvtres.read.1.tlog
C:\Users\Sam\Documents\Visual Studio 2012\Projects\thermo\thermo\Debug\link.7952-cvtres.write.1.tlog
C:\Users\Sam\Documents\Visual Studio 2012\Projects\thermo\thermo\Debug\link.7952-rc.read.1.tlog
C:\Users\Sam\Documents\Visual Studio 2012\Projects\thermo\thermo\Debug\link.7952-rc.write.1.tlog
C:\Users\Sam\Documents\Visual Studio 2012\Projects\thermo\thermo\Debug\link.7952.read.1.tlog
C:\Users\Sam\Documents\Visual Studio 2012\Projects\thermo\thermo\Debug\link.7952.write.1.tlog
C:\Users\Sam\Documents\Visual Studio 2012\Projects\thermo\thermo\Debug\link.9044-cvtres.read.1.tlog
C:\Users\Sam\Documents\Visual Studio 2012\Projects\thermo\thermo\Debug\link.9044-cvtres.write.1.tlog
C:\Users\Sam\Documents\Visual Studio 2012\Projects\thermo\thermo\Debug\link.9044-rc.read.1.tlog
C:\Users\Sam\Documents\Visual Studio 2012\Projects\thermo\thermo\Debug\link.9044-rc.write.1.tlog
C:\Users\Sam\Documents\Visual Studio 2012\Projects\thermo\thermo\Debug\link.9044.read.1.tlog
C:\Users\Sam\Documents\Visual Studio 2012\Projects\thermo\thermo\Debug\link.9044.write.1.tlog
C:\Users\Sam\Documents\Visual Studio 2012\Projects\thermo\thermo\Debug\link.9500-cvtres.read.1.tlog
C:\Users\Sam\Documents\Visual Studio 2012\Projects\thermo\thermo\Debug\link.9500-cvtres.write.1.tlog
C:\Users\Sam\Documents\Visual Studio 2012\Projects\thermo\thermo\Debug\link.9500-rc.read.1.tlog
C:\Users\Sam\Documents\Visual Studio 2012\Projects\thermo\thermo\Debug\link.9500-rc.write.1.tlog
C:\Users\Sam\Documents\Visual Studio 2012\Projects\thermo\thermo\Debug\link.9500.read.1.tlog
C:\Users\Sam\Documents\Visual Studio 2012\Projects\thermo\thermo\Debug\link.9500.write.1.tlog
C:\Users\Sam\Documents\Visual Studio 2012\Projects\thermo\thermo\Debug\link.command.1.tlog
C:\Users\Sam\Documents\Visual Studio 2012\Projects\thermo\thermo\Debug\link.read.1.tlog
C:\Users\Sam\Documents\Visual Studio 2012\Projects\thermo\thermo\Debug\link.write.1.tlog
C:\Users\Sam\Documents\Visual Studio 2012\Projects\thermo\thermo\Debug\vc110.idb
C:\Users\Sam\Documents\Visual Studio 2012\Projects\thermo\thermo\Debug\vc110.pdb
C:\Users\Sam\Documents\Visual Studio 2012\Projects\thermo\Debug\thermo.pdb
C:\Users\Sam\Documents\Visual Studio 2012\Projects\thermo\Debug\thermo.exe
C:\Users\Sam\Documents\Visual Studio 2012\Projects\thermo\Debug\thermo.ilk
